biometric/Application/build/outputs/logs/manifest-merger-debug-report.txt
-- Merging decision tree log ---
manifest
ADDED from src/main/AndroidManifest.xml:17:1-69:12
INJECTED from src/main/AndroidManifest.xml:17:1-69:12
INJECTED from src/main/AndroidManifest.xml:17:1-69:12
MERGED from [com.android.support:support-v13:27.0.2] AndroidManifest.xml:17:1-22:12
MERGED from [com.android.support:support-v4:27.0.2] AndroidManifest.xml:17:1-22:12
MERGED from [com.android.support:cardview-v7:27.0.2] AndroidManifest.xml:17:1-22:12
MERGED from [com.android.support:appcompat-v7:27.0.2] AndroidManifest.xml:17:1-22:12
MERGED from [com.android.support:support-media-compat:27.0.2] AndroidManifest.xml:17:1-22:12
MERGED from [com.android.support:support-fragment:27.0.2] AndroidManifest.xml:17:1-22:12
MERGED from [com.android.support:support-core-utils:27.0.2] AndroidManifest.xml:17:1-22:12
MERGED from [com.android.support:animated-vector-drawable:27.0.2] AndroidManifest.xml:17:1-22:12
MERGED from [com.android.support:support-core-ui:27.0.2] AndroidManifest.xml:17:1-22:12
MERGED from [com.android.support:support-vector-drawable:27.0.2] AndroidManifest.xml:17:1-22:12
MERGED from [com.android.support:support-compat:27.0.2] AndroidManifest.xml:17:1-22:12
MERGED from [android.arch.lifecycle:runtime:1.0.3] AndroidManifest.xml:17:1-24:12
INJECTED from src/main/AndroidManifest.xml:17:1-69:12
INJECTED from src/main/AndroidManifest.xml:17:1-69:12
	package
		ADDED from src/main/AndroidManifest.xml:18:5-48
	android:versionName
		ADDED from src/main/AndroidManifest.xml:20:5-30
		INJECTED from src/main/AndroidManifest.xml
		INJECTED from src/main/AndroidManifest.xml
	xmlns:android
		ADDED from src/main/AndroidManifest.xml:17:11-69
	android:versionCode
		ADDED from src/main/AndroidManifest.xml:19:5-28
		INJECTED from src/main/AndroidManifest.xml
		INJECTED from src/main/AndroidManifest.xml
uses-feature#android.hardware.nfc.hce
ADDED from src/main/AndroidManifest.xml:24:5-26:35
	android:required
		ADDED from src/main/AndroidManifest.xml:26:9-32
	android:name
		ADDED from src/main/AndroidManifest.xml:25:9-48
uses-permission#android.permission.NFC
ADDED from src/main/AndroidManifest.xml:28:5-62
	android:name
		ADDED from src/main/AndroidManifest.xml:28:22-59
uses-permission#android.permission.USE_FINGERPRINT
ADDED from src/main/AndroidManifest.xml:29:5-74
	android:name
		ADDED from src/main/AndroidManifest.xml:29:22-71
application
ADDED from src/main/AndroidManifest.xml:31:5-66:19
	android:label
		ADDED from src/main/AndroidManifest.xml:34:9-41
	android:icon
		ADDED from src/main/AndroidManifest.xml:33:9-45
	android:allowBackup
		ADDED from src/main/AndroidManifest.xml:32:9-35
	android:theme
		ADDED from src/main/AndroidManifest.xml:35:9-40
activity#com.example.android.cardemulation.MainActivity
ADDED from src/main/AndroidManifest.xml:38:9-46:20
	android:label
		ADDED from src/main/AndroidManifest.xml:40:13-45
	android:name
		ADDED from src/main/AndroidManifest.xml:39:13-41
intent-filter#android.intent.action.MAIN+android.intent.category.LAUNCHER
ADDED from src/main/AndroidManifest.xml:42:13-45:29
action#android.intent.action.MAIN
ADDED from src/main/AndroidManifest.xml:43:17-69
	android:name
		ADDED from src/main/AndroidManifest.xml:43:25-66
category#android.intent.category.LAUNCHER
ADDED from src/main/AndroidManifest.xml:44:17-77
	android:name
		ADDED from src/main/AndroidManifest.xml:44:27-74
service#com.example.android.cardemulation.CardService
ADDED from src/main/AndroidManifest.xml:50:9-64:19
	android:exported
		ADDED from src/main/AndroidManifest.xml:52:13-36
	android:permission
		ADDED from src/main/AndroidManifest.xml:53:13-69
	android:name
		ADDED from src/main/AndroidManifest.xml:51:13-40
intent-filter#android.intent.category.DEFAULT+android.nfc.cardemulation.action.HOST_APDU_SERVICE
ADDED from src/main/AndroidManifest.xml:55:13-58:29
action#android.nfc.cardemulation.action.HOST_APDU_SERVICE
ADDED from src/main/AndroidManifest.xml:56:17-93
	android:name
		ADDED from src/main/AndroidManifest.xml:56:25-90
category#android.intent.category.DEFAULT
ADDED from src/main/AndroidManifest.xml:57:17-76
	android:name
		ADDED from src/main/AndroidManifest.xml:57:27-73
meta-data#android.nfc.cardemulation.host_apdu_service
ADDED from src/main/AndroidManifest.xml:61:13-63:52
	android:resource
		ADDED from src/main/AndroidManifest.xml:63:17-49
	android:name
		ADDED from src/main/AndroidManifest.xml:62:17-75
uses-sdk
INJECTED from src/main/AndroidManifest.xml reason: use-sdk injection requested
INJECTED from src/main/AndroidManifest.xml
INJECTED from src/main/AndroidManifest.xml
MERGED from [com.android.support:support-v13:27.0.2] AndroidManifest.xml:20:5-44
MERGED from [com.android.support:support-v13:27.0.2] AndroidManifest.xml:20:5-44
MERGED from [com.android.support:support-v4:27.0.2] AndroidManifest.xml:20:5-44
MERGED from [com.android.support:support-v4:27.0.2] AndroidManifest.xml:20:5-44
MERGED from [com.android.support:cardview-v7:27.0.2] AndroidManifest.xml:20:5-44
MERGED from [com.android.support:cardview-v7:27.0.2] AndroidManifest.xml:20:5-44
MERGED from [com.android.support:appcompat-v7:27.0.2] AndroidManifest.xml:20:5-44
MERGED from [com.android.support:appcompat-v7:27.0.2] AndroidManifest.xml:20:5-44
MERGED from [com.android.support:support-media-compat:27.0.2] AndroidManifest.xml:20:5-44
MERGED from [com.android.support:support-media-compat:27.0.2] AndroidManifest.xml:20:5-44
MERGED from [com.android.support:support-fragment:27.0.2] AndroidManifest.xml:20:5-44
MERGED from [com.android.support:support-fragment:27.0.2] AndroidManifest.xml:20:5-44
MERGED from [com.android.support:support-core-utils:27.0.2] AndroidManifest.xml:20:5-44
MERGED from [com.android.support:support-core-utils:27.0.2] AndroidManifest.xml:20:5-44
MERGED from [com.android.support:animated-vector-drawable:27.0.2] AndroidManifest.xml:20:5-44
MERGED from [com.android.support:animated-vector-drawable:27.0.2] AndroidManifest.xml:20:5-44
MERGED from [com.android.support:support-core-ui:27.0.2] AndroidManifest.xml:20:5-44
MERGED from [com.android.support:support-core-ui:27.0.2] AndroidManifest.xml:20:5-44
MERGED from [com.android.support:support-vector-drawable:27.0.2] AndroidManifest.xml:20:5-44
MERGED from [com.android.support:support-vector-drawable:27.0.2] AndroidManifest.xml:20:5-44
MERGED from [com.android.support:support-compat:27.0.2] AndroidManifest.xml:20:5-44
MERGED from [com.android.support:support-compat:27.0.2] AndroidManifest.xml:20:5-44
MERGED from [android.arch.lifecycle:runtime:1.0.3] AndroidManifest.xml:20:5-22:41
MERGED from [android.arch.lifecycle:runtime:1.0.3] AndroidManifest.xml:20:5-22:41
INJECTED from src/main/AndroidManifest.xml
INJECTED from src/main/AndroidManifest.xml
	android:targetSdkVersion
		INJECTED from src/main/AndroidManifest.xml
		ADDED from src/main/AndroidManifest.xml
		INJECTED from src/main/AndroidManifest.xml
	android:minSdkVersion
		INJECTED from src/main/AndroidManifest.xml
		ADDED from src/main/AndroidManifest.xml
		INJECTED from src/main/AndroidManifest.xml